<?xml version="1.0" encoding="UTF-8"?>
<!-- Generated by org.testng.reporters.JUnitReportReporter -->
<testsuite hostname="MAA-5CG7240WNH" name="gitTest.GitTest" tests="1" failures="0" timestamp="12 Sep 2020 07:13:46 GMT" time="11.603" errors="0">
  <testcase name="loginTest" time="11.603" classname="gitTest.GitTest"/>
</testsuite> <!-- gitTest.GitTest -->
